#
# There is insufficient memory for the Java Runtime Environment to continue.
# Native memory allocation (malloc) failed to allocate 1048576 bytes for AllocateHeap
# Possible reasons:
#   The system is out of physical RAM or swap space
#   In 32 bit mode, the process size limit was hit
# Possible solutions:
#   Reduce memory load on the system
#   Increase physical memory or swap space
#   Check if swap backing store is full
#   Use 64 bit Java on a 64 bit OS
#   Decrease Java heap size (-Xmx/-Xms)
#   Decrease number of Java threads
#   Decrease Java thread stack sizes (-Xss)
#   Set larger code cache with -XX:ReservedCodeCacheSize=
# This output file may be truncated or incomplete.
#
#  Out of Memory Error (memory/allocation.inline.hpp:61), pid=15796, tid=0x0000000000001314
#
# JRE version:  (8.0_152-b16) (build )
# Java VM: Java HotSpot(TM) 64-Bit Server VM (25.152-b16 mixed mode windows-amd64 compressed oops)
# Failed to write core dump. Minidumps are not enabled by default on client versions of Windows
#

---------------  T H R E A D  ---------------

Current thread (0x00000000037d2800):  JavaThread "Unknown thread" [_thread_in_vm, id=4884, stack(0x0000000003120000,0x0000000003220000)]

Stack: [0x0000000003120000,0x0000000003220000]
[error occurred during error reporting (printing stack bounds), id 0xc0000005]

Native frames: (J=compiled Java code, j=interpreted, Vv=VM code, C=native code)


---------------  P R O C E S S  ---------------

Java Threads: ( => current thread )

Other Threads:

=>0x00000000037d2800 (exited) JavaThread "Unknown thread" [_thread_in_vm, id=4884, stack(0x0000000003120000,0x0000000003220000)]

VM state:not at safepoint (normal execution)

VM Mutex/Monitor currently owned by a thread: None

Heap:
 PSYoungGen      total 76288K, used 1310K [0x000000076b180000, 0x0000000770680000, 0x00000007c0000000)
  eden space 65536K, 2% used [0x000000076b180000,0x000000076b2c7af0,0x000000076f180000)
  from space 10752K, 0% used [0x000000076fc00000,0x000000076fc00000,0x0000000770680000)
  to   space 10752K, 0% used [0x000000076f180000,0x000000076f180000,0x000000076fc00000)
 ParOldGen       total 175104K, used 0K [0x00000006c1400000, 0x00000006cbf00000, 0x000000076b180000)
  object space 175104K, 0% used [0x00000006c1400000,0x00000006c1400000,0x00000006cbf00000)
 Metaspace       used 770K, capacity 4480K, committed 4480K, reserved 1056768K
  class space    used 75K, capacity 384K, committed 384K, reserved 1048576K

Card table byte_map: [0x0000000003c90000,0x0000000004490000] byte_map_base: 0x0000000000686000

Marking Bits: (ParMarkBitMap*) 0x00000000525e0860
 Begin Bits: [0x00000000053e0000, 0x0000000009390000)
 End Bits:   [0x0000000009390000, 0x000000000d340000)

Polling page: 0x00000000019e0000

CodeCache: size=245760Kb used=327Kb max_used=327Kb free=245432Kb
 bounds [0x0000000011d80000, 0x0000000011ff0000, 0x0000000020d80000]
 total_blobs=57 nmethods=0 adapters=38
 compilation: enabled

Compilation events (0 events):
No events

GC Heap History (0 events):
No events

Deoptimization events (0 events):
No events

Classes redefined (0 events):
No events

Internal exceptions (0 events):
No events

Events (10 events):
Event: 0.023 loading class java/lang/Short
Event: 0.023 loading class java/lang/Short done
Event: 0.023 loading class java/lang/Integer
Event: 0.023 loading class java/lang/Integer done
Event: 0.023 loading class java/lang/Long
Event: 0.023 loading class java/lang/Long done
Event: 0.024 loading class java/lang/NullPointerException
Event: 0.024 loading class java/lang/NullPointerException done
Event: 0.024 loading class java/lang/ArithmeticException
Event: 0.024 loading class java/lang/ArithmeticException done


Dynamic libraries:
0x00007ff6256c0000 - 0x00007ff6256f7000 	D:\Java\jdk1.8.0_152\bin\java.exe
0x00007ff83ff10000 - 0x00007ff840104000 	C:\Windows\SYSTEM32\ntdll.dll
0x00007ff83f070000 - 0x00007ff83f12d000 	C:\Windows\System32\KERNEL32.DLL
0x00007ff83dc00000 - 0x00007ff83dec7000 	C:\Windows\System32\KERNELBASE.dll
0x00007ff83fcf0000 - 0x00007ff83fd9a000 	C:\Windows\System32\ADVAPI32.dll
0x00007ff83fae0000 - 0x00007ff83fb7e000 	C:\Windows\System32\msvcrt.dll
0x00007ff83f540000 - 0x00007ff83f5db000 	C:\Windows\System32\sechost.dll
0x00007ff83eca0000 - 0x00007ff83edc3000 	C:\Windows\System32\RPCRT4.dll
0x00007ff83e040000 - 0x00007ff83e1e0000 	C:\Windows\System32\USER32.dll
0x00007ff83d890000 - 0x00007ff83d8b2000 	C:\Windows\System32\win32u.dll
0x00007ff83fb80000 - 0x00007ff83fbaa000 	C:\Windows\System32\GDI32.dll
0x00007ff83d970000 - 0x00007ff83da79000 	C:\Windows\System32\gdi32full.dll
0x00007ff83d7c0000 - 0x00007ff83d85d000 	C:\Windows\System32\msvcp_win.dll
0x00007ff83da80000 - 0x00007ff83db80000 	C:\Windows\System32\ucrtbase.dll
0x00007ff82d770000 - 0x00007ff82da0a000 	C:\Windows\WinSxS\amd64_microsoft.windows.common-controls_6595b64144ccf1df_6.0.19041.1_none_b555e41d4684ddec\COMCTL32.dll
0x00007ff83f640000 - 0x00007ff83f670000 	C:\Windows\System32\IMM32.DLL
0x0000000052d10000 - 0x0000000052d1c000 	C:\Program Files (x86)\360\360Safe\safemon\SafeWrapper.dll
0x00007ff826cf0000 - 0x00007ff826d86000 	C:\Program Files (x86)\360\360Safe\safemon\libzdtp64.dll
0x00007ff83e450000 - 0x00007ff83eb81000 	C:\Windows\System32\SHELL32.dll
0x00007ff83fc90000 - 0x00007ff83fce5000 	C:\Windows\System32\SHLWAPI.dll
0x00007ff83d220000 - 0x00007ff83d22a000 	C:\Windows\SYSTEM32\VERSION.dll
0x0000000052660000 - 0x0000000052732000 	D:\Java\jdk1.8.0_152\jre\bin\msvcr100.dll
0x0000000051dc0000 - 0x0000000052660000 	D:\Java\jdk1.8.0_152\jre\bin\server\jvm.dll
0x00007ff83e030000 - 0x00007ff83e038000 	C:\Windows\System32\PSAPI.DLL
0x00007ff835bd0000 - 0x00007ff835bf7000 	C:\Windows\SYSTEM32\WINMM.dll
0x00007ff82da10000 - 0x00007ff82da19000 	C:\Windows\SYSTEM32\WSOCK32.dll
0x00007ff83f4b0000 - 0x00007ff83f51b000 	C:\Windows\System32\WS2_32.dll
0x0000000051db0000 - 0x0000000051dbf000 	D:\Java\jdk1.8.0_152\jre\bin\verify.dll
0x0000000051d80000 - 0x0000000051da9000 	D:\Java\jdk1.8.0_152\jre\bin\java.dll
0x0000000052990000 - 0x00000000529b3000 	D:\Java\jdk1.8.0_152\jre\bin\instrument.dll
0x0000000051d60000 - 0x0000000051d76000 	D:\Java\jdk1.8.0_152\jre\bin\zip.dll

VM Arguments:
jvm_args: -javaagent:D:\Program Files\JetBrains\IntelliJ IDEA 2020.3.3\lib\idea_rt.jar=51387:D:\Program Files\JetBrains\IntelliJ IDEA 2020.3.3\bin -Dfile.encoding=UTF-8 
java_command: com.ljs.ioc.Test
java_class_path (initial): D:\Java\jdk1.8.0_152\jre\lib\charsets.jar;D:\Java\jdk1.8.0_152\jre\lib\deploy.jar;D:\Java\jdk1.8.0_152\jre\lib\ext\access-bridge-64.jar;D:\Java\jdk1.8.0_152\jre\lib\ext\cldrdata.jar;D:\Java\jdk1.8.0_152\jre\lib\ext\dnsns.jar;D:\Java\jdk1.8.0_152\jre\lib\ext\jaccess.jar;D:\Java\jdk1.8.0_152\jre\lib\ext\jfxrt.jar;D:\Java\jdk1.8.0_152\jre\lib\ext\localedata.jar;D:\Java\jdk1.8.0_152\jre\lib\ext\nashorn.jar;D:\Java\jdk1.8.0_152\jre\lib\ext\sunec.jar;D:\Java\jdk1.8.0_152\jre\lib\ext\sunjce_provider.jar;D:\Java\jdk1.8.0_152\jre\lib\ext\sunmscapi.jar;D:\Java\jdk1.8.0_152\jre\lib\ext\sunpkcs11.jar;D:\Java\jdk1.8.0_152\jre\lib\ext\zipfs.jar;D:\Java\jdk1.8.0_152\jre\lib\javaws.jar;D:\Java\jdk1.8.0_152\jre\lib\jce.jar;D:\Java\jdk1.8.0_152\jre\lib\jfr.jar;D:\Java\jdk1.8.0_152\jre\lib\jfxswt.jar;D:\Java\jdk1.8.0_152\jre\lib\jsse.jar;D:\Java\jdk1.8.0_152\jre\lib\management-agent.jar;D:\Java\jdk1.8.0_152\jre\lib\plugin.jar;D:\Java\jdk1.8.0_152\jre\lib\resources.jar;D:\Java\jdk1.8.0_152\jre\lib\rt.jar;D:\WorkSpace\springdemo\target\classes;C:\Users\Administrator\.m2\repository\org\springframework\spring-context\5.3.15\spring-context-5.3.15.jar;C:\Users\Administrator\.m2\repository\org\springframework\spring-aop\5.3.15\spring-aop-5.3.15.jar;C:\Users\Administrator\.m2\repository\org\springframework\spring-beans\5.3.15\spring-beans-5.3.15.jar;C:\Users\Administrator\.m2\repository\org\springframework\spring-core\5.3.15\spring-core-5.3.15.jar;C:\Users\Administrator\.m2\repository\org\springframework\spring-jcl\5.3.15\spring-jcl-5.3.15.jar;C:\Users\Administrator\.m2\repository\org\springframework\spring-expression\5.3.15\spring-expression-5.3.15.jar;C:\Users\Administrator\.m2\repository\org\projectlombok\lombok\1.18.22\lombok-1.18.22.jar;D:\Program Files\JetBrains\IntelliJ IDEA 2020.3.3\lib\idea_rt.jar
Launcher Type: SUN_STANDARD

Environment Variables:
JAVA_HOME=D:\Java\jdk1.8.0_152
CLASSPATH=.;D:\Java\jdk1.8.0_152\lib\dt.jar;D:\Java\jdk1.8.0_152\lib\tools.jar
PATH=F:\Program Files\VMware\bin\;D:\Java\jdk1.8.0_152\bin;C:\ProgramData\Oracle\Java\javapath;C:\Windows\system32;C:\Windows;C:\Windows\System32\Wbem;C:\Windows\System32\WindowsPowerShell\v1.0\;C:\Windows\System32\OpenSSH\;C:\Program Files (x86)\NVIDIA Corporation\PhysX\Common;C:\Program Files\NVIDIA Corporation\NVIDIA NvDLISR;D:\Program Files\Git\cmd;D:\Program Files\Apache\apache-maven-3.8.1\bin;C:\Program Files\MySQL\MySQL Shell 8.0\bin\;C:\Users\Administrator\AppData\Local\Microsoft\WindowsApps;
USERNAME=Administrator
OS=Windows_NT
PROCESSOR_IDENTIFIER=AMD64 Family 23 Model 113 Stepping 0, AuthenticAMD



---------------  S Y S T E M  ---------------

OS: Windows 10.0 , 64 bit Build 19041 (10.0.19041.207)

CPU:total 12 (initial active 12) (12 cores per cpu, 1 threads per core) family 23 model 113 stepping 0, cmov, cx8, fxsr, mmx, sse, sse2, sse3, ssse3, sse4.1, sse4.2, popcnt, avx, avx2, aes, clmul, mmxext, 3dnowpref, lzcnt, sse4a, tsc, tscinvbit, tscinv, bmi1

Memory: 4k page, physical 16692132k(6692960k free), swap 16692132k(5888k free)

vm_info: Java HotSpot(TM) 64-Bit Server VM (25.152-b16) for windows-amd64 JRE (1.8.0_152-b16), built on Sep 14 2017 02:29:36 by "java_re" with MS VC++ 10.0 (VS2010)

time: Tue Nov 15 21:36:51 2022
elapsed time: 0 seconds (0d 0h 0m 0s)

